<?xml version="1.0" encoding="UTF-8"?>
<!-- Generated by org.testng.reporters.JUnitXMLReporter -->
<testsuite ignored="0" hostname="DESKTOP-6TT70E1" failures="0" tests="8" name="Default test" time="251.979" errors="0" timestamp="16 Apr 2023 05:18:28 GMT">
  <testcase classname="TestCases.LoginTest" name="verifyLoginWithValidCredentials" time="1.265"/>
  <testcase classname="TestCases.LoginTest" name="verifyLoginWithValidCredentials" time="5.221"/>
  <testcase classname="TestCases.LoginTest" name="verifyLoginWithValidCredentials" time="1.212"/>
  <testcase classname="TestCases.LoginTest" name="verifyLoginWithInvalidCredentials" time="1.178"/>
  <testcase classname="TestCases.LoginTest" name="verifyLoginWithValidEmailidInvalidPassword" time="1.052"/>
  <testcase classname="TestCases.LoginTest" name="verifyLoginWithInvalidEmailidValidPassword" time="0.676"/>
  <testcase classname="TestCases.LoginTest" name="verifyLoginWithoutProvidingCredentials" time="1.301"/>
  <testcase classname="TestCases.LoginTest" name="verifyForgottenPasswordLink" time="2.054"/>
</testsuite> <!-- Default test -->
