<?xml version="1.0" encoding="UTF-8"?>
<!-- Generated by org.testng.reporters.JUnitXMLReporter -->
<testsuite ignored="0" hostname="DESKTOP-6TT70E1" failures="0" tests="3" name="Test3" time="46.914" errors="0" timestamp="15 Apr 2023 22:18:41 GMT">
  <testcase classname="TestCases.SearchTest" name="verifySearchwithValidProduct" time="15.756"/>
  <testcase classname="TestCases.SearchTest" name="verifySearchwithInvalidproduct" time="0.872"/>
  <testcase classname="TestCases.SearchTest" name="verifySearchWithoutEnteringAnyProduct" time="0.761"/>
</testsuite> <!-- Test3 -->
