<?xml version="1.0" encoding="UTF-8"?>
<!-- Generated by org.testng.reporters.JUnitXMLReporter -->
<testsuite ignored="0" hostname="DESKTOP-6TT70E1" failures="0" tests="7" name="Test2" time="118.997" errors="0" timestamp="16 Apr 2023 05:35:38 GMT">
  <testcase classname="TestCases.RegisterTest" name="verifyRegisterWithValidField" time="5.321"/>
  <testcase classname="TestCases.RegisterTest" name="verifyRegisterWithExistingEmail" time="3.205"/>
  <testcase classname="TestCases.RegisterTest" name="verifyRegisterWithoutProvidingAnyInformation" time="1.357"/>
  <testcase classname="TestCases.RegisterTest" name="verifyRegisterWithoutAgreePrivacyPolicy" time="1.52"/>
  <testcase classname="TestCases.RegisterTest" name="verifyInvalidPasswordConfirm" time="1.039"/>
  <testcase classname="TestCases.RegisterTest" name="verifyInvalidPassword" time="3.786"/>
  <testcase classname="TestCases.RegisterTest" name="verifyInvalidTelephone" time="1.437"/>
</testsuite> <!-- Test2 -->
