<?xml version="1.0" encoding="UTF-8"?>
<!-- Generated by org.testng.reporters.JUnitXMLReporter -->
<testsuite ignored="0" hostname="DESKTOP-6TT70E1" failures="0" tests="8" name="Test1" time="104.953" errors="0" timestamp="16 Apr 2023 05:33:38 GMT">
  <testcase classname="TestCases.LoginTest" name="verifyLoginWithValidCredentials" time="2.45"/>
  <testcase classname="TestCases.LoginTest" name="verifyLoginWithValidCredentials" time="2.13"/>
  <testcase classname="TestCases.LoginTest" name="verifyLoginWithValidCredentials" time="1.653"/>
  <testcase classname="TestCases.LoginTest" name="verifyLoginWithInvalidCredentials" time="1.007"/>
  <testcase classname="TestCases.LoginTest" name="verifyLoginWithValidEmailidInvalidPassword" time="1.84"/>
  <testcase classname="TestCases.LoginTest" name="verifyLoginWithInvalidEmailidValidPassword" time="1.644"/>
  <testcase classname="TestCases.LoginTest" name="verifyLoginWithoutProvidingCredentials" time="0.669"/>
  <testcase classname="TestCases.LoginTest" name="verifyForgottenPasswordLink" time="0.622"/>
</testsuite> <!-- Test1 -->
