<?xml version="1.0" encoding="UTF-8"?>
<!-- Generated by org.testng.reporters.JUnitXMLReporter -->
<testsuite ignored="0" hostname="DESKTOP-6TT70E1" failures="0" tests="3" name="Test3" time="37.825" errors="0" timestamp="16 Apr 2023 05:36:16 GMT">
  <testcase classname="TestCases.SearchTest" name="verifySearchwithValidProduct" time="0.597"/>
  <testcase classname="TestCases.SearchTest" name="verifySearchwithInvalidproduct" time="1.946"/>
  <testcase classname="TestCases.SearchTest" name="verifySearchWithoutEnteringAnyProduct" time="1.571"/>
</testsuite> <!-- Test3 -->
